0 info it worked if it ends with ok
1 verbose cli [ '/Users/hiphipjorge/.nvm/versions/node/v6.9.0/bin/node',
1 verbose cli   '/Users/hiphipjorge/.nvm/versions/node/v6.9.0/bin/npm',
1 verbose cli   'run',
1 verbose cli   'exercise-4' ]
2 info using npm@3.10.8
3 info using node@v6.9.0
4 verbose run-script [ 'preexercise-4', 'exercise-4', 'postexercise-4' ]
5 info lifecycle angular-question@1.0.0~preexercise-4: angular-question@1.0.0
6 silly lifecycle angular-question@1.0.0~preexercise-4: no script for preexercise-4, continuing
7 info lifecycle angular-question@1.0.0~exercise-4: angular-question@1.0.0
8 verbose lifecycle angular-question@1.0.0~exercise-4: unsafe-perm in lifecycle true
9 verbose lifecycle angular-question@1.0.0~exercise-4: PATH: /Users/hiphipjorge/.nvm/versions/node/v6.9.0/lib/node_modules/npm/bin/node-gyp-bin:/Users/hiphipjorge/runnable/angular-question/node_modules/.bin:/Users/hiphipjorge/Desktop/google-cloud-sdk/bin:/Users/hiphipjorge/.rbenv/shims:/Users/hiphipjorge/.nvm/versions/node/v6.9.0/bin:/Library/Java/JavaVirtualMachines/jdk1.8.0_65.jdk/Contents/Home/bin:/Users/hiphipjorge/.cask/bin:./node_modules/.bin:/usr/local/Cellar/php56/5.6.22/bin:/usr/local/sbin:/usr/local/bin:/Users/hiphipjorge/bin:/usr/local/opt/coreutils/libexec/gnubin:/usr/local/opt/coreutils/libexec/gnubin:/usr/local/bin:/usr/bin:/bin:/usr/sbin:/sbin:/Users/hiphipjorge/Sites/go-projects/bin:/usr/local/opt/go/libexec/bin:/usr/local/m-cli:./node_modules/.bin:/usr/local/sbin
10 verbose lifecycle angular-question@1.0.0~exercise-4: CWD: /Users/hiphipjorge/runnable/angular-question
11 silly lifecycle angular-question@1.0.0~exercise-4: Args: [ '-c',
11 silly lifecycle   '(cd exercise-4 && (sleep 1 && open \'http://localhost:8000\') && python -m SimpleHTTPServer 8000)' ]
12 silly lifecycle angular-question@1.0.0~exercise-4: Returned: code: 1  signal: null
13 info lifecycle angular-question@1.0.0~exercise-4: Failed to exec exercise-4 script
14 verbose stack Error: angular-question@1.0.0 exercise-4: `(cd exercise-4 && (sleep 1 && open 'http://localhost:8000') && python -m SimpleHTTPServer 8000)`
14 verbose stack Exit status 1
14 verbose stack     at EventEmitter.<anonymous> (/Users/hiphipjorge/.nvm/versions/node/v6.9.0/lib/node_modules/npm/lib/utils/lifecycle.js:255:16)
14 verbose stack     at emitTwo (events.js:106:13)
14 verbose stack     at EventEmitter.emit (events.js:191:7)
14 verbose stack     at ChildProcess.<anonymous> (/Users/hiphipjorge/.nvm/versions/node/v6.9.0/lib/node_modules/npm/lib/utils/spawn.js:40:14)
14 verbose stack     at emitTwo (events.js:106:13)
14 verbose stack     at ChildProcess.emit (events.js:191:7)
14 verbose stack     at maybeClose (internal/child_process.js:877:16)
14 verbose stack     at Process.ChildProcess._handle.onexit (internal/child_process.js:226:5)
15 verbose pkgid angular-question@1.0.0
16 verbose cwd /Users/hiphipjorge/runnable/angular-question/exercise-1
17 error Darwin 14.5.0
18 error argv "/Users/hiphipjorge/.nvm/versions/node/v6.9.0/bin/node" "/Users/hiphipjorge/.nvm/versions/node/v6.9.0/bin/npm" "run" "exercise-4"
19 error node v6.9.0
20 error npm  v3.10.8
21 error code ELIFECYCLE
22 error angular-question@1.0.0 exercise-4: `(cd exercise-4 && (sleep 1 && open 'http://localhost:8000') && python -m SimpleHTTPServer 8000)`
22 error Exit status 1
23 error Failed at the angular-question@1.0.0 exercise-4 script '(cd exercise-4 && (sleep 1 && open 'http://localhost:8000') && python -m SimpleHTTPServer 8000)'.
23 error Make sure you have the latest version of node.js and npm installed.
23 error If you do, this is most likely a problem with the angular-question package,
23 error not with npm itself.
23 error Tell the author that this fails on your system:
23 error     (cd exercise-4 && (sleep 1 && open 'http://localhost:8000') && python -m SimpleHTTPServer 8000)
23 error You can get information on how to open an issue for this project with:
23 error     npm bugs angular-question
23 error Or if that isn't available, you can get their info via:
23 error     npm owner ls angular-question
23 error There is likely additional logging output above.
24 verbose exit [ 1, true ]
